<?xml version="1.0" encoding="UTF-8"?>
<!-- Generated by org.testng.reporters.JUnitReportReporter -->
<testsuite skipped="0" hostname="TEJACHANDU" name="hello.ClassB" tests="1" failures="0" timestamp="2019-11-02T20:48:14 IST" time="0.000" errors="0">
  <testcase name="functional" time="0.000" classname="hello.ClassB"/>
</testsuite> <!-- hello.ClassB -->
